<?xml version="1.0" encoding="UTF-8"?>
<!-- Generated by org.testng.reporters.JUnitXMLReporter -->
<testsuite hostname="DESKTOP-VHHGVR3" ignored="4" name="Default test(failed)" tests="1" failures="1" timestamp="21 Feb 2021 18:43:26 GMT" time="0.057" errors="0">
  <testcase name="tc0" time="0.015" classname="org.testng1.Rerun1">
    <failure type="java.lang.AssertionError" message="expected [true] but found [false]">
      <![CDATA[java.lang.AssertionError: expected [true] but found [false]
... Removed 30 stack frames]]>
    </failure>
  </testcase> <!-- tc0 -->
  <testcase name="tc3" time="0.0" classname="org.testng1.Rerun1">
    <ignored/>
  </testcase> <!-- tc3 -->
  <testcase name="tc4" time="0.0" classname="org.testng1.Rerun1">
    <ignored/>
  </testcase> <!-- tc4 -->
  <testcase name="tc2" time="0.0" classname="org.testng1.Rerun1">
    <ignored/>
  </testcase> <!-- tc2 -->
  <testcase name="tc1" time="0.0" classname="org.testng1.Rerun1">
    <ignored/>
  </testcase> <!-- tc1 -->
</testsuite> <!-- Default test(failed) -->
