<?xml version="1.0" encoding="UTF-8"?>
<!-- Generated by org.testng.reporters.JUnitXMLReporter -->
<testsuite hostname="DESKTOP-VHHGVR3" ignored="7" name="Test" tests="2" failures="0" timestamp="24 Feb 2021 00:37:41 GMT" time="0.064" errors="0">
  <testcase name="tc0" time="0.012" classname="org.testng1.TestNGUsingGroupsandDependsonGroupsAlways"/>
  <testcase name="tc1" time="0.002" classname="org.testng1.TestNGUsingGroupsandDependsonGroupsAlways"/>
  <testcase name="tc8" time="0.0" classname="org.testng1.TestNGUsingGroupsandDependsonGroupsAlways">
    <ignored/>
  </testcase> <!-- tc8 -->
  <testcase name="tc7" time="0.0" classname="org.testng1.TestNGUsingGroupsandDependsonGroupsAlways">
    <ignored/>
  </testcase> <!-- tc7 -->
  <testcase name="tc5" time="0.0" classname="org.testng1.TestNGUsingGroupsandDependsonGroupsAlways">
    <ignored/>
  </testcase> <!-- tc5 -->
  <testcase name="tc2" time="0.0" classname="org.testng1.TestNGUsingGroupsandDependsonGroupsAlways">
    <ignored/>
  </testcase> <!-- tc2 -->
  <testcase name="tc4" time="0.0" classname="org.testng1.TestNGUsingGroupsandDependsonGroupsAlways">
    <ignored/>
  </testcase> <!-- tc4 -->
  <testcase name="tc6" time="0.0" classname="org.testng1.TestNGUsingGroupsandDependsonGroupsAlways">
    <ignored/>
  </testcase> <!-- tc6 -->
  <testcase name="tc3" time="0.0" classname="org.testng1.TestNGUsingGroupsandDependsonGroupsAlways">
    <ignored/>
  </testcase> <!-- tc3 -->
</testsuite> <!-- Test -->
