<?xml version="1.0" encoding="UTF-8"?>
<testng-results skipped="0" failed="0" ignored="7" total="9" passed="2">
  <reporter-output>
  </reporter-output>
  <suite name="Suite" duration-ms="64" started-at="2021-02-24T00:37:41Z" finished-at="2021-02-24T00:37:41Z">
    <groups>
      <group name="smoke">
        <method signature="TestNGUsingGroupsandDependsonGroupsAlways.tc0()[pri:0, instance:org.testng1.TestNGUsingGroupsandDependsonGroupsAlways@6d4b1c02]" name="tc0" class="org.testng1.TestNGUsingGroupsandDependsonGroupsAlways"/>
        <method signature="TestNGUsingGroupsandDependsonGroupsAlways.tc1()[pri:0, instance:org.testng1.TestNGUsingGroupsandDependsonGroupsAlways@6d4b1c02]" name="tc1" class="org.testng1.TestNGUsingGroupsandDependsonGroupsAlways"/>
      </group> <!-- smoke -->
    </groups>
    <test name="Test" duration-ms="64" started-at="2021-02-24T00:37:41Z" finished-at="2021-02-24T00:37:41Z">
      <class name="org.testng1.TestNGUsingGroupsandDependsonGroupsAlways">
        <test-method status="PASS" signature="tc0()[pri:0, instance:org.testng1.TestNGUsingGroupsandDependsonGroupsAlways@6d4b1c02]" name="tc0" duration-ms="12" started-at="2021-02-24T00:37:41Z" finished-at="2021-02-24T00:37:41Z">
          <reporter-output>
          </reporter-output>
        </test-method> <!-- tc0 -->
        <test-method status="PASS" signature="tc1()[pri:0, instance:org.testng1.TestNGUsingGroupsandDependsonGroupsAlways@6d4b1c02]" name="tc1" duration-ms="2" started-at="2021-02-24T00:37:41Z" finished-at="2021-02-24T00:37:41Z">
          <reporter-output>
          </reporter-output>
        </test-method> <!-- tc1 -->
      </class> <!-- org.testng1.TestNGUsingGroupsandDependsonGroupsAlways -->
    </test> <!-- Test -->
  </suite> <!-- Suite -->
</testng-results>
